Args in experiment:
Namespace(is_training=1, model_id='Weather_96_96', model='iTransformer', data='custom', root_path='/nfs/daojun/Data/TS_Small', data_path='weather.csv', features='M', target='OT', freq='h', checkpoints='./checkpoints/', seq_len=96, label_len=48, pred_len=96, seasonal_patterns='Monthly', d_block=96, d_model=512, n_heads=8, e_layers=2, d_layers=1, d_ff=2048, moving_avg=25, factor=1, attn=1, gate=1, distil=True, dropout=0.1, embed='timeF', activation='gelu', output_attention=False, num_workers=10, itr=1, train_epochs=10, batch_size=16, patience=3, learning_rate=0.0001, des='test', loss='MSE', lradj='type1', use_amp=False, use_gpu=True, gpu=0, use_multi_gpu=False, devices='0,1,2,3', exp_name='None', efficient_training=False, channel_independence=False, inverse=False, class_strategy='projection', target_root_path='./data/electricity/', target_data_path='electricity.csv', post_train_lr=0.0001, continue_train_lr=1e-07, num_episodes=10, gamma=0.9, lmbda=0.9, eps=0.2, patch_len=2, stride=2, fc_dropout=0.05, head_dropout=0.0, padding_patch='end', revin=1, affine=0, subtract_last=0, decomposition=0, kernel_size=25, individual=0, embed_type=0, version='Fourier', mode_select='random', modes=64, kappa=0.8, enc_in=21, dec_in=21, c_out=21)
Use GPU: cuda:0

<<<<<<< postprocessing with trainset : Weather_96_96_iTransformer_custom_M_ft96_sl48_ll96_pl512_dm8_nh2_el1_dl2048_df1_fctimeF_ebTrue_dttest_projection_0>>>>>>>>>>>>>>>>>>>>>>>>>>
kappa: 0.8
load model ...
val 5175
train 36696
test 10444
random val_loss=0.4737 mae_loss=0.3476
val_loss=0.7071 mae_loss=0.5186
remove_val_loss=0.7113 remove_mae_loss=0.5217
Validation loss decreased (inf --> 0.707113).  Saving model ...
test_loss=0.4982 mae_loss=0.5077
Updating learning rate to 0.0001
val_loss=0.7069 mae_loss=0.5183
remove_val_loss=0.7089 remove_mae_loss=0.5199
Validation loss decreased (0.707113 --> 0.706935).  Saving model ...
test_loss=0.4959 mae_loss=0.5060
Updating learning rate to 5e-05
val_loss=0.7063 mae_loss=0.5176
remove_val_loss=0.7075 remove_mae_loss=0.5188
Validation loss decreased (0.706935 --> 0.706329).  Saving model ...
test_loss=0.4932 mae_loss=0.5037
Updating learning rate to 2.5e-05
val_loss=0.7063 mae_loss=0.5176
remove_val_loss=0.7075 remove_mae_loss=0.5186
Validation loss decreased (0.706329 --> 0.706302).  Saving model ...
test_loss=0.4937 mae_loss=0.5039
Updating learning rate to 1.25e-05
val_loss=0.7059 mae_loss=0.5174
remove_val_loss=0.7068 remove_mae_loss=0.5183
Validation loss decreased (0.706302 --> 0.705937).  Saving model ...
test_loss=0.4931 mae_loss=0.5035
Updating learning rate to 6.25e-06
val_loss=0.7059 mae_loss=0.5174
remove_val_loss=0.7076 remove_mae_loss=0.5186
Validation loss decreased (0.705937 --> 0.705874).  Saving model ...
test_loss=0.4931 mae_loss=0.5034
Updating learning rate to 3.125e-06
val_loss=0.7059 mae_loss=0.5174
remove_val_loss=0.7072 remove_mae_loss=0.5185
EarlyStopping counter: 1 out of 3
test_loss=0.4931 mae_loss=0.5034
Updating learning rate to 1.5625e-06
val_loss=0.7057 mae_loss=0.5174
remove_val_loss=0.7074 remove_mae_loss=0.5185
Validation loss decreased (0.705874 --> 0.705709).  Saving model ...
test_loss=0.4930 mae_loss=0.5033
Updating learning rate to 7.8125e-07
val_loss=0.7062 mae_loss=0.5175
remove_val_loss=0.7054 remove_mae_loss=0.5185
EarlyStopping counter: 1 out of 3
test_loss=0.4929 mae_loss=0.5032
Updating learning rate to 3.90625e-07
val_loss=0.7061 mae_loss=0.5175
remove_val_loss=0.7076 remove_mae_loss=0.5186
EarlyStopping counter: 2 out of 3
test_loss=0.4929 mae_loss=0.5032
Updating learning rate to 1.953125e-07

>>>>>>> postprocessing test with trainset : Weather_96_96_iTransformer_custom_M_ft96_sl48_ll96_pl512_dm8_nh2_el1_dl2048_df1_fctimeF_ebTrue_dttest_projection_0>>>>>>>>>>>>>>>>>>>>>>>>>>
test 10444
loading checkpoint.pth ...
post_ckpt_False.pth ...
test shape: (10444, 1, 96, 21) (10444, 1, 96, 21)
test shape: (10444, 96, 21) (10444, 96, 21)
mse:0.168554, mae:0.230867, rmse:0.410553, mape:11.897143, mspe:15238372.000000,
