Args in experiment:
Namespace(is_training=1, model_id='Weather_96_96', model='iTransformer', data='custom', root_path='/nfs/daojun/Data/TS_Small', data_path='weather.csv', features='M', target='OT', freq='h', checkpoints='./checkpoints/', seq_len=96, label_len=48, pred_len=96, seasonal_patterns='Monthly', d_block=96, d_model=512, n_heads=8, e_layers=2, d_layers=1, d_ff=2048, moving_avg=25, factor=1, attn=1, gate=1, distil=True, dropout=0.1, embed='timeF', activation='gelu', output_attention=False, num_workers=10, itr=1, train_epochs=10, batch_size=16, patience=3, learning_rate=0.0001, des='test', loss='MSE', lradj='type1', use_amp=False, use_gpu=True, gpu=0, use_multi_gpu=False, devices='0,1,2,3', exp_name='None', efficient_training=False, channel_independence=False, inverse=False, class_strategy='projection', target_root_path='./data/electricity/', target_data_path='electricity.csv', post_train_lr=0.0001, continue_train_lr=1e-07, num_episodes=10, gamma=0.9, lmbda=0.9, eps=0.2, patch_len=2, stride=2, fc_dropout=0.05, head_dropout=0.0, padding_patch='end', revin=1, affine=0, subtract_last=0, decomposition=0, kernel_size=25, individual=0, embed_type=0, version='Fourier', mode_select='random', modes=64, kappa=0.1, enc_in=21, dec_in=21, c_out=21)
Use GPU: cuda:0

<<<<<<< postprocessing with trainset : Weather_96_96_iTransformer_custom_M_ft96_sl48_ll96_pl512_dm8_nh2_el1_dl2048_df1_fctimeF_ebTrue_dttest_projection_0>>>>>>>>>>>>>>>>>>>>>>>>>>
kappa: 0.1
load model ...
val 5175
train 36696
test 10444
random val_loss=0.7882 mae_loss=0.5682
val_loss=0.6297 mae_loss=0.4502
remove_val_loss=0.6250 remove_mae_loss=0.4467
Validation loss decreased (inf --> 0.629672).  Saving model ...
test_loss=0.4453 mae_loss=0.4427
Updating learning rate to 0.0001
val_loss=0.6268 mae_loss=0.4475
remove_val_loss=0.6246 remove_mae_loss=0.4458
Validation loss decreased (0.629672 --> 0.626786).  Saving model ...
test_loss=0.4425 mae_loss=0.4396
Updating learning rate to 5e-05
val_loss=0.6271 mae_loss=0.4471
remove_val_loss=0.6246 remove_mae_loss=0.4454
EarlyStopping counter: 1 out of 3
test_loss=0.4402 mae_loss=0.4383
Updating learning rate to 2.5e-05
val_loss=0.6267 mae_loss=0.4467
remove_val_loss=0.6245 remove_mae_loss=0.4451
Validation loss decreased (0.626786 --> 0.626669).  Saving model ...
test_loss=0.4368 mae_loss=0.4369
Updating learning rate to 1.25e-05
val_loss=0.6258 mae_loss=0.4464
remove_val_loss=0.6237 remove_mae_loss=0.4449
Validation loss decreased (0.626669 --> 0.625761).  Saving model ...
test_loss=0.4380 mae_loss=0.4379
Updating learning rate to 6.25e-06
val_loss=0.6262 mae_loss=0.4465
remove_val_loss=0.6243 remove_mae_loss=0.4451
EarlyStopping counter: 1 out of 3
test_loss=0.4383 mae_loss=0.4381
Updating learning rate to 3.125e-06
val_loss=0.6256 mae_loss=0.4462
remove_val_loss=0.6237 remove_mae_loss=0.4448
Validation loss decreased (0.625761 --> 0.625634).  Saving model ...
test_loss=0.4380 mae_loss=0.4379
Updating learning rate to 1.5625e-06
val_loss=0.6254 mae_loss=0.4462
remove_val_loss=0.6239 remove_mae_loss=0.4449
Validation loss decreased (0.625634 --> 0.625426).  Saving model ...
test_loss=0.4378 mae_loss=0.4377
Updating learning rate to 7.8125e-07
val_loss=0.6258 mae_loss=0.4462
remove_val_loss=0.6218 remove_mae_loss=0.4449
EarlyStopping counter: 1 out of 3
test_loss=0.4377 mae_loss=0.4377
Updating learning rate to 3.90625e-07
val_loss=0.6256 mae_loss=0.4462
remove_val_loss=0.6241 remove_mae_loss=0.4450
EarlyStopping counter: 2 out of 3
test_loss=0.4378 mae_loss=0.4377
Updating learning rate to 1.953125e-07

>>>>>>> postprocessing test with trainset : Weather_96_96_iTransformer_custom_M_ft96_sl48_ll96_pl512_dm8_nh2_el1_dl2048_df1_fctimeF_ebTrue_dttest_projection_0>>>>>>>>>>>>>>>>>>>>>>>>>>
test 10444
loading checkpoint.pth ...
post_ckpt_False.pth ...
test shape: (10444, 1, 96, 21) (10444, 1, 96, 21)
test shape: (10444, 96, 21) (10444, 96, 21)
mse:0.227901, mae:0.305002, rmse:0.477390, mape:6.641714, mspe:4306280.000000,
