Args in experiment:
Namespace(is_training=1, model_id='ETTm2_96_96', model='iTransformer', data='ETTm2', root_path='/nfs/daojun/Data/TS_Small', data_path='ETTm2.csv', features='M', target='OT', freq='h', checkpoints='./checkpoints/', seq_len=96, label_len=48, pred_len=96, seasonal_patterns='Monthly', d_block=96, d_model=512, n_heads=8, e_layers=2, d_layers=1, d_ff=2048, moving_avg=25, factor=1, attn=1, gate=1, distil=True, dropout=0.1, embed='timeF', activation='gelu', output_attention=False, num_workers=10, itr=1, train_epochs=10, batch_size=16, patience=3, learning_rate=0.0001, des='test', loss='MSE', lradj='type1', use_amp=False, use_gpu=True, gpu=0, use_multi_gpu=False, devices='0,1,2,3', exp_name='None', efficient_training=False, channel_independence=False, inverse=False, class_strategy='projection', target_root_path='./data/electricity/', target_data_path='electricity.csv', post_train_lr=0.0001, continue_train_lr=1e-07, num_episodes=10, gamma=0.9, lmbda=0.9, eps=0.2, patch_len=2, stride=2, fc_dropout=0.05, head_dropout=0.0, padding_patch='end', revin=1, affine=0, subtract_last=0, decomposition=0, kernel_size=25, individual=0, embed_type=0, version='Fourier', mode_select='random', modes=64, kappa=0.2, enc_in=7, dec_in=7, c_out=7)
Use GPU: cuda:0

<<<<<<< postprocessing with trainset : ETTm2_96_96_iTransformer_ETTm2_M_ft96_sl48_ll96_pl512_dm8_nh2_el1_dl2048_df1_fctimeF_ebTrue_dttest_projection_0>>>>>>>>>>>>>>>>>>>>>>>>>>
kappa: 0.2
load model ...
val 11425
train 34369
test 11425
random val_loss=1.4832 mae_loss=0.8696
val_loss=0.8784 mae_loss=0.6620
remove_val_loss=0.8600 remove_mae_loss=0.6538
Validation loss decreased (inf --> 0.878395).  Saving model ...
test_loss=1.6262 mae_loss=0.9715
Updating learning rate to 0.0001
val_loss=0.8528 mae_loss=0.6523
remove_val_loss=0.8435 remove_mae_loss=0.6479
Validation loss decreased (0.878395 --> 0.852782).  Saving model ...
test_loss=1.6151 mae_loss=0.9657
Updating learning rate to 5e-05
val_loss=0.8442 mae_loss=0.6480
remove_val_loss=0.8365 remove_mae_loss=0.6444
Validation loss decreased (0.852782 --> 0.844197).  Saving model ...
test_loss=1.5638 mae_loss=0.9501
Updating learning rate to 2.5e-05
val_loss=0.8485 mae_loss=0.6503
remove_val_loss=0.8425 remove_mae_loss=0.6473
EarlyStopping counter: 1 out of 3
test_loss=1.5622 mae_loss=0.9497
Updating learning rate to 1.25e-05
val_loss=0.8477 mae_loss=0.6497
remove_val_loss=0.8417 remove_mae_loss=0.6467
EarlyStopping counter: 2 out of 3
test_loss=1.5560 mae_loss=0.9476
Updating learning rate to 6.25e-06
val_loss=0.8473 mae_loss=0.6495
remove_val_loss=0.8415 remove_mae_loss=0.6466
EarlyStopping counter: 3 out of 3
Early stopping

>>>>>>> postprocessing test with trainset : ETTm2_96_96_iTransformer_ETTm2_M_ft96_sl48_ll96_pl512_dm8_nh2_el1_dl2048_df1_fctimeF_ebTrue_dttest_projection_0>>>>>>>>>>>>>>>>>>>>>>>>>>
test 11425
loading checkpoint.pth ...
post_ckpt_False.pth ...
test shape: (11425, 1, 96, 7) (11425, 1, 96, 7)
test shape: (11425, 96, 7) (11425, 96, 7)
mse:0.761962, mae:0.588840, rmse:0.872905, mape:1.346523, mspe:233.694336,
