Args in experiment:
Namespace(is_training=1, model_id='Weather_96_720', model='iTransformer', data='custom', root_path='/harbor-data/daojun/Data/TS_Small', data_path='weather.csv', features='M', target='OT', freq='h', checkpoints='./checkpoints/', seq_len=96, label_len=48, pred_len=720, seasonal_patterns='Monthly', d_block=720, d_model=512, n_heads=8, e_layers=2, d_layers=1, d_ff=2048, moving_avg=25, factor=1, attn=1, gate=1, distil=True, dropout=0.1, embed='timeF', activation='gelu', output_attention=False, num_workers=10, itr=1, train_epochs=10, batch_size=32, patience=3, learning_rate=0.0001, des='test', loss='MSE', lradj='type1', use_amp=False, use_gpu=True, gpu=0, use_multi_gpu=False, devices='0,1,2,3', exp_name='None', efficient_training=False, channel_independence=False, inverse=False, class_strategy='projection', target_root_path='./data/electricity/', target_data_path='electricity.csv', post_train_lr=0.0001, continue_train_lr=1e-07, num_episodes=10, gamma=0.9, lmbda=0.9, eps=0.2, patch_len=2, stride=2, fc_dropout=0.05, head_dropout=0.0, padding_patch='end', revin=1, affine=0, subtract_last=0, decomposition=0, kernel_size=25, individual=0, embed_type=0, version='Fourier', mode_select='random', modes=64, enc_in=21, dec_in=21, c_out=21)
Use GPU: cuda:0

<<<<<<< postprocessing with trainset : Weather_96_720_iTransformer_custom_M_ft96_sl48_ll720_pl512_dm8_nh2_el1_dl2048_df1_fctimeF_ebTrue_dttest_projection_0>>>>>>>>>>>>>>>>>>>>>>>>>>
load model ...
train 36072
test 9820
test_loss=0.3510
test_loss=0.3500
test_loss=0.3502
test_loss=0.3497
test_loss=0.3495
test_loss=0.3500
test_loss=0.3491
test_loss=0.3489
test_loss=0.3496
test_loss=0.3496

>>>>>>> postprocessing test with trainset : Weather_96_720_iTransformer_custom_M_ft96_sl48_ll720_pl512_dm8_nh2_el1_dl2048_df1_fctimeF_ebTrue_dttest_projection_0>>>>>>>>>>>>>>>>>>>>>>>>>>
test 9820
loading checkpoint.pth ...
post_ckpt_False.pth ...
test shape: (9820, 1, 720, 21) (9820, 1, 720, 21)
test shape: (9820, 720, 21) (9820, 720, 21)
mse:0.349581, mae:0.348596, rmse:0.591254, mape:14.736755, mspe:24633322.000000,

<<<<<<< postprocessing with vali_set : Weather_96_720_iTransformer_custom_M_ft96_sl48_ll720_pl512_dm8_nh2_el1_dl2048_df1_fctimeF_ebTrue_dttest_projection_0>>>>>>>>>>>>>>>>>>>>>>>>>>
load model ...
val 4551
test 9820
test_loss=0.3541
test_loss=0.3525
test_loss=0.3535
test_loss=0.3530
test_loss=0.3524
test_loss=0.3517
test_loss=0.3522
test_loss=0.3518
test_loss=0.3514
test_loss=0.3509

>>>>>>> postprocessing test with vali_set : Weather_96_720_iTransformer_custom_M_ft96_sl48_ll720_pl512_dm8_nh2_el1_dl2048_df1_fctimeF_ebTrue_dttest_projection_0>>>>>>>>>>>>>>>>>>>>>>>>>>
test 9820
loading checkpoint.pth ...
post_ckpt_True.pth ...
test shape: (9820, 1, 720, 21) (9820, 1, 720, 21)
test shape: (9820, 720, 21) (9820, 720, 21)
mse:0.350872, mae:0.349286, rmse:0.592345, mape:15.974772, mspe:29011976.000000,
