Args in experiment:
Namespace(is_training=1, model_id='ETTm2_96_96', model='iTransformer', data='ETTm2', root_path='/nfs/daojun/Data/TS_Small', data_path='ETTm2.csv', features='M', target='OT', freq='h', checkpoints='./checkpoints/', seq_len=96, label_len=48, pred_len=96, seasonal_patterns='Monthly', d_block=96, d_model=512, n_heads=8, e_layers=2, d_layers=1, d_ff=2048, moving_avg=25, factor=1, attn=1, gate=1, distil=True, dropout=0.1, embed='timeF', activation='gelu', output_attention=False, num_workers=10, itr=1, train_epochs=10, batch_size=16, patience=3, learning_rate=0.0001, des='test', loss='MSE', lradj='type1', use_amp=False, use_gpu=True, gpu=0, use_multi_gpu=False, devices='0,1,2,3', exp_name='None', efficient_training=False, channel_independence=False, inverse=False, class_strategy='projection', target_root_path='./data/electricity/', target_data_path='electricity.csv', post_train_lr=0.0001, continue_train_lr=1e-07, num_episodes=10, gamma=0.9, lmbda=0.9, eps=0.2, patch_len=2, stride=2, fc_dropout=0.05, head_dropout=0.0, padding_patch='end', revin=1, affine=0, subtract_last=0, decomposition=0, kernel_size=25, individual=0, embed_type=0, version='Fourier', mode_select='random', modes=64, kappa=0.1, enc_in=7, dec_in=7, c_out=7)
Use GPU: cuda:0

<<<<<<< postprocessing with trainset : ETTm2_96_96_iTransformer_ETTm2_M_ft96_sl48_ll96_pl512_dm8_nh2_el1_dl2048_df1_fctimeF_ebTrue_dttest_projection_0>>>>>>>>>>>>>>>>>>>>>>>>>>
kappa: 0.1
load model ...
val 11425
train 34369
test 11425
random val_loss=1.5366 mae_loss=0.8946
val_loss=0.8338 mae_loss=0.6374
remove_val_loss=0.8208 remove_mae_loss=0.6312
Validation loss decreased (inf --> 0.833776).  Saving model ...
test_loss=1.8488 mae_loss=1.0365
Updating learning rate to 0.0001
val_loss=0.8224 mae_loss=0.6324
remove_val_loss=0.8158 remove_mae_loss=0.6292
Validation loss decreased (0.833776 --> 0.822373).  Saving model ...
test_loss=1.8099 mae_loss=1.0262
Updating learning rate to 5e-05
val_loss=0.8254 mae_loss=0.6336
remove_val_loss=0.8189 remove_mae_loss=0.6307
EarlyStopping counter: 1 out of 3
test_loss=1.8208 mae_loss=1.0283
Updating learning rate to 2.5e-05
val_loss=0.8205 mae_loss=0.6316
remove_val_loss=0.8149 remove_mae_loss=0.6290
Validation loss decreased (0.822373 --> 0.820507).  Saving model ...
test_loss=1.8150 mae_loss=1.0269
Updating learning rate to 1.25e-05
val_loss=0.8192 mae_loss=0.6309
remove_val_loss=0.8136 remove_mae_loss=0.6283
Validation loss decreased (0.820507 --> 0.819161).  Saving model ...
test_loss=1.8191 mae_loss=1.0276
Updating learning rate to 6.25e-06
val_loss=0.8181 mae_loss=0.6305
remove_val_loss=0.8131 remove_mae_loss=0.6280
Validation loss decreased (0.819161 --> 0.818089).  Saving model ...
test_loss=1.8166 mae_loss=1.0270
Updating learning rate to 3.125e-06
val_loss=0.8179 mae_loss=0.6304
remove_val_loss=0.8129 remove_mae_loss=0.6280
Validation loss decreased (0.818089 --> 0.817858).  Saving model ...
test_loss=1.8177 mae_loss=1.0271
Updating learning rate to 1.5625e-06
val_loss=0.8178 mae_loss=0.6304
remove_val_loss=0.8126 remove_mae_loss=0.6278
Validation loss decreased (0.817858 --> 0.817759).  Saving model ...
test_loss=1.8176 mae_loss=1.0270
Updating learning rate to 7.8125e-07
val_loss=0.8177 mae_loss=0.6303
remove_val_loss=0.8127 remove_mae_loss=0.6279
Validation loss decreased (0.817759 --> 0.817722).  Saving model ...
test_loss=1.8175 mae_loss=1.0271
Updating learning rate to 3.90625e-07
val_loss=0.8180 mae_loss=0.6304
remove_val_loss=0.8129 remove_mae_loss=0.6279
EarlyStopping counter: 1 out of 3
test_loss=1.8172 mae_loss=1.0269
Updating learning rate to 1.953125e-07

>>>>>>> postprocessing test with trainset : ETTm2_96_96_iTransformer_ETTm2_M_ft96_sl48_ll96_pl512_dm8_nh2_el1_dl2048_df1_fctimeF_ebTrue_dttest_projection_0>>>>>>>>>>>>>>>>>>>>>>>>>>
test 11425
loading checkpoint.pth ...
post_ckpt_False.pth ...
test shape: (11425, 1, 96, 7) (11425, 1, 96, 7)
test shape: (11425, 96, 7) (11425, 96, 7)
mse:0.589123, mae:0.525672, rmse:0.767544, mape:1.337242, mspe:228.164124,
