Args in experiment:
Namespace(is_training=1, model_id='ELC_96_96', model='iTransformer', data='custom', root_path='/nfs/daojun/Data/TS_Small', data_path='electricity.csv', features='M', target='OT', freq='h', checkpoints='./checkpoints/', seq_len=96, label_len=48, pred_len=96, seasonal_patterns='Monthly', d_block=96, d_model=512, n_heads=8, e_layers=2, d_layers=1, d_ff=2048, moving_avg=25, factor=1, attn=1, gate=1, distil=True, dropout=0.1, embed='timeF', activation='gelu', output_attention=False, num_workers=10, itr=1, train_epochs=10, batch_size=16, patience=3, learning_rate=0.0001, des='test', loss='MSE', lradj='type1', use_amp=False, use_gpu=True, gpu=0, use_multi_gpu=False, devices='0,1,2,3', exp_name='None', efficient_training=False, channel_independence=False, inverse=False, class_strategy='projection', target_root_path='./data/electricity/', target_data_path='electricity.csv', post_train_lr=0.0001, continue_train_lr=1e-07, num_episodes=10, gamma=0.9, lmbda=0.9, eps=0.2, patch_len=2, stride=2, fc_dropout=0.05, head_dropout=0.0, padding_patch='end', revin=1, affine=0, subtract_last=0, decomposition=0, kernel_size=25, individual=0, embed_type=0, version='Fourier', mode_select='random', modes=64, kappa=0.95, enc_in=321, dec_in=321, c_out=321)
Use GPU: cuda:0

<<<<<<< postprocessing with trainset : ELC_96_96_iTransformer_custom_M_ft96_sl48_ll96_pl512_dm8_nh2_el1_dl2048_df1_fctimeF_ebTrue_dttest_projection_0>>>>>>>>>>>>>>>>>>>>>>>>>>
load model ...
val 2537
train 18221
test 5165
val_loss=0.1424 mae_loss=0.2363
remove_val_loss=0.8607 remove_mae_loss=0.7421
Validation loss decreased (inf --> 0.142396).  Saving model ...
test_loss=0.1626 mae_loss=0.2577
Updating learning rate to 0.0001
val_loss=0.1423 mae_loss=0.2362
remove_val_loss=0.8607 remove_mae_loss=0.7421
Validation loss decreased (0.142396 --> 0.142342).  Saving model ...
test_loss=0.1623 mae_loss=0.2575
Updating learning rate to 5e-05
val_loss=0.1424 mae_loss=0.2361
remove_val_loss=0.8607 remove_mae_loss=0.7422
EarlyStopping counter: 1 out of 3
test_loss=0.1623 mae_loss=0.2575
Updating learning rate to 2.5e-05
val_loss=0.1422 mae_loss=0.2360
remove_val_loss=0.8606 remove_mae_loss=0.7421
Validation loss decreased (0.142342 --> 0.142225).  Saving model ...
test_loss=0.1622 mae_loss=0.2574
Updating learning rate to 1.25e-05
val_loss=0.1423 mae_loss=0.2360
remove_val_loss=0.8607 remove_mae_loss=0.7422
EarlyStopping counter: 1 out of 3
test_loss=0.1621 mae_loss=0.2573
Updating learning rate to 6.25e-06
val_loss=0.1423 mae_loss=0.2361
remove_val_loss=0.8611 remove_mae_loss=0.7424
EarlyStopping counter: 2 out of 3
test_loss=0.1621 mae_loss=0.2573
Updating learning rate to 3.125e-06
val_loss=0.1422 mae_loss=0.2360
remove_val_loss=0.8609 remove_mae_loss=0.7423
Validation loss decreased (0.142225 --> 0.142213).  Saving model ...
test_loss=0.1621 mae_loss=0.2573
Updating learning rate to 1.5625e-06
val_loss=0.1422 mae_loss=0.2360
remove_val_loss=0.8613 remove_mae_loss=0.7424
Validation loss decreased (0.142213 --> 0.142178).  Saving model ...
test_loss=0.1621 mae_loss=0.2573
Updating learning rate to 7.8125e-07
val_loss=0.1422 mae_loss=0.2360
remove_val_loss=0.8612 remove_mae_loss=0.7424
Validation loss decreased (0.142178 --> 0.142177).  Saving model ...
test_loss=0.1621 mae_loss=0.2573
Updating learning rate to 3.90625e-07
val_loss=0.1422 mae_loss=0.2360
remove_val_loss=0.8612 remove_mae_loss=0.7424
EarlyStopping counter: 1 out of 3
test_loss=0.1621 mae_loss=0.2573
Updating learning rate to 1.953125e-07

>>>>>>> postprocessing test with trainset : ELC_96_96_iTransformer_custom_M_ft96_sl48_ll96_pl512_dm8_nh2_el1_dl2048_df1_fctimeF_ebTrue_dttest_projection_0>>>>>>>>>>>>>>>>>>>>>>>>>>
test 5165
loading checkpoint.pth ...
post_ckpt_False.pth ...
test shape: (5165, 1, 96, 321) (5165, 1, 96, 321)
test shape: (5165, 96, 321) (5165, 96, 321)
mse:0.162091, mae:0.257329, rmse:0.402606, mape:2.531068, mspe:655250.625000,
