Args in experiment:
Namespace(is_training=1, model_id='ELC_96_96', model='iTransformer', data='custom', root_path='/nfs/daojun/Data/TS_Small', data_path='electricity.csv', features='M', target='OT', freq='h', checkpoints='./checkpoints/', seq_len=96, label_len=48, pred_len=96, seasonal_patterns='Monthly', d_block=96, d_model=512, n_heads=8, e_layers=2, d_layers=1, d_ff=2048, moving_avg=25, factor=1, attn=1, gate=1, distil=True, dropout=0.1, embed='timeF', activation='gelu', output_attention=False, num_workers=10, itr=1, train_epochs=10, batch_size=16, patience=3, learning_rate=0.0001, des='test', loss='MSE', lradj='type1', use_amp=False, use_gpu=True, gpu=0, use_multi_gpu=False, devices='0,1,2,3', exp_name='None', efficient_training=False, channel_independence=False, inverse=False, class_strategy='projection', target_root_path='./data/electricity/', target_data_path='electricity.csv', post_train_lr=0.0001, continue_train_lr=1e-07, num_episodes=10, gamma=0.9, lmbda=0.9, eps=0.2, patch_len=2, stride=2, fc_dropout=0.05, head_dropout=0.0, padding_patch='end', revin=1, affine=0, subtract_last=0, decomposition=0, kernel_size=25, individual=0, embed_type=0, version='Fourier', mode_select='random', modes=64, kappa=0.3, enc_in=321, dec_in=321, c_out=321)
Use GPU: cuda:0

<<<<<<< postprocessing with trainset : ELC_96_96_iTransformer_custom_M_ft96_sl48_ll96_pl512_dm8_nh2_el1_dl2048_df1_fctimeF_ebTrue_dttest_projection_0>>>>>>>>>>>>>>>>>>>>>>>>>>
load model ...
val 2537
train 18221
test 5165
val_loss=0.2677 mae_loss=0.3851
remove_val_loss=0.4396 remove_mae_loss=0.4865
Validation loss decreased (inf --> 0.267707).  Saving model ...
test_loss=0.3054 mae_loss=0.4146
Updating learning rate to 0.0001
val_loss=0.2639 mae_loss=0.3819
remove_val_loss=0.4428 remove_mae_loss=0.4884
Validation loss decreased (0.267707 --> 0.263947).  Saving model ...
test_loss=0.3014 mae_loss=0.4112
Updating learning rate to 5e-05
val_loss=0.2624 mae_loss=0.3805
remove_val_loss=0.4447 remove_mae_loss=0.4894
Validation loss decreased (0.263947 --> 0.262412).  Saving model ...
test_loss=0.2994 mae_loss=0.4095
Updating learning rate to 2.5e-05
val_loss=0.2619 mae_loss=0.3800
remove_val_loss=0.4452 remove_mae_loss=0.4898
Validation loss decreased (0.262412 --> 0.261875).  Saving model ...
test_loss=0.2989 mae_loss=0.4090
Updating learning rate to 1.25e-05
val_loss=0.2616 mae_loss=0.3798
remove_val_loss=0.4455 remove_mae_loss=0.4899
Validation loss decreased (0.261875 --> 0.261622).  Saving model ...
test_loss=0.2987 mae_loss=0.4088
Updating learning rate to 6.25e-06
val_loss=0.2615 mae_loss=0.3796
remove_val_loss=0.4459 remove_mae_loss=0.4902
Validation loss decreased (0.261622 --> 0.261470).  Saving model ...
test_loss=0.2984 mae_loss=0.4086
Updating learning rate to 3.125e-06
val_loss=0.2614 mae_loss=0.3795
remove_val_loss=0.4458 remove_mae_loss=0.4901
Validation loss decreased (0.261470 --> 0.261391).  Saving model ...
test_loss=0.2984 mae_loss=0.4086
Updating learning rate to 1.5625e-06
val_loss=0.2613 mae_loss=0.3794
remove_val_loss=0.4461 remove_mae_loss=0.4902
Validation loss decreased (0.261391 --> 0.261260).  Saving model ...
test_loss=0.2983 mae_loss=0.4085
Updating learning rate to 7.8125e-07
val_loss=0.2613 mae_loss=0.3794
remove_val_loss=0.4460 remove_mae_loss=0.4902
EarlyStopping counter: 1 out of 3
test_loss=0.2983 mae_loss=0.4085
Updating learning rate to 3.90625e-07
val_loss=0.2613 mae_loss=0.3794
remove_val_loss=0.4461 remove_mae_loss=0.4903
EarlyStopping counter: 2 out of 3
test_loss=0.2982 mae_loss=0.4085
Updating learning rate to 1.953125e-07

>>>>>>> postprocessing test with trainset : ELC_96_96_iTransformer_custom_M_ft96_sl48_ll96_pl512_dm8_nh2_el1_dl2048_df1_fctimeF_ebTrue_dttest_projection_0>>>>>>>>>>>>>>>>>>>>>>>>>>
test 5165
loading checkpoint.pth ...
post_ckpt_False.pth ...
test shape: (5165, 1, 96, 321) (5165, 1, 96, 321)
test shape: (5165, 96, 321) (5165, 96, 321)
mse:0.298245, mae:0.408494, rmse:0.546118, mape:2.177029, mspe:624055.125000,
