Args in experiment:
Namespace(is_training=1, model_id='ETTm2_96_96', model='iTransformer', data='ETTm2', root_path='/nfs/daojun/Data/TS_Small', data_path='ETTm2.csv', features='M', target='OT', freq='h', checkpoints='./checkpoints/', seq_len=96, label_len=48, pred_len=96, seasonal_patterns='Monthly', d_block=96, d_model=512, n_heads=8, e_layers=2, d_layers=1, d_ff=2048, moving_avg=25, factor=1, attn=1, gate=1, distil=True, dropout=0.1, embed='timeF', activation='gelu', output_attention=False, num_workers=10, itr=1, train_epochs=10, batch_size=16, patience=3, learning_rate=0.0001, des='test', loss='MSE', lradj='type1', use_amp=False, use_gpu=True, gpu=0, use_multi_gpu=False, devices='0,1,2,3', exp_name='None', efficient_training=False, channel_independence=False, inverse=False, class_strategy='projection', target_root_path='./data/electricity/', target_data_path='electricity.csv', post_train_lr=0.0001, continue_train_lr=1e-07, num_episodes=10, gamma=0.9, lmbda=0.9, eps=0.2, patch_len=2, stride=2, fc_dropout=0.05, head_dropout=0.0, padding_patch='end', revin=1, affine=0, subtract_last=0, decomposition=0, kernel_size=25, individual=0, embed_type=0, version='Fourier', mode_select='random', modes=64, kappa=0.8, enc_in=7, dec_in=7, c_out=7)
Use GPU: cuda:0

<<<<<<< postprocessing with trainset : ETTm2_96_96_iTransformer_ETTm2_M_ft96_sl48_ll96_pl512_dm8_nh2_el1_dl2048_df1_fctimeF_ebTrue_dttest_projection_0>>>>>>>>>>>>>>>>>>>>>>>>>>
kappa: 0.8
load model ...
val 11425
train 34369
test 11425
random val_loss=0.3181 mae_loss=0.3847
val_loss=1.1385 mae_loss=0.7529
remove_val_loss=1.1650 remove_mae_loss=0.7633
Validation loss decreased (inf --> 1.138467).  Saving model ...
test_loss=2.1048 mae_loss=1.0785
Updating learning rate to 0.0001
val_loss=1.1367 mae_loss=0.7542
remove_val_loss=1.1444 remove_mae_loss=0.7574
Validation loss decreased (1.138467 --> 1.136693).  Saving model ...
test_loss=2.0203 mae_loss=1.0605
Updating learning rate to 5e-05
val_loss=1.1471 mae_loss=0.7573
remove_val_loss=1.1504 remove_mae_loss=0.7589
EarlyStopping counter: 1 out of 3
test_loss=1.9874 mae_loss=1.0501
Updating learning rate to 2.5e-05
val_loss=1.1380 mae_loss=0.7553
remove_val_loss=1.1406 remove_mae_loss=0.7567
EarlyStopping counter: 2 out of 3
test_loss=2.0095 mae_loss=1.0563
Updating learning rate to 1.25e-05
val_loss=1.1344 mae_loss=0.7544
remove_val_loss=1.1389 remove_mae_loss=0.7563
Validation loss decreased (1.136693 --> 1.134409).  Saving model ...
test_loss=2.0189 mae_loss=1.0590
Updating learning rate to 6.25e-06
val_loss=1.1343 mae_loss=0.7546
remove_val_loss=1.1390 remove_mae_loss=0.7565
Validation loss decreased (1.134409 --> 1.134283).  Saving model ...
test_loss=2.0266 mae_loss=1.0614
Updating learning rate to 3.125e-06
val_loss=1.1347 mae_loss=0.7546
remove_val_loss=1.1394 remove_mae_loss=0.7566
EarlyStopping counter: 1 out of 3
test_loss=2.0310 mae_loss=1.0627
Updating learning rate to 1.5625e-06
val_loss=1.1347 mae_loss=0.7546
remove_val_loss=1.1398 remove_mae_loss=0.7567
EarlyStopping counter: 2 out of 3
test_loss=2.0329 mae_loss=1.0634
Updating learning rate to 7.8125e-07
val_loss=1.1349 mae_loss=0.7547
remove_val_loss=1.1406 remove_mae_loss=0.7570
EarlyStopping counter: 3 out of 3
Early stopping

>>>>>>> postprocessing test with trainset : ETTm2_96_96_iTransformer_ETTm2_M_ft96_sl48_ll96_pl512_dm8_nh2_el1_dl2048_df1_fctimeF_ebTrue_dttest_projection_0>>>>>>>>>>>>>>>>>>>>>>>>>>
test 11425
loading checkpoint.pth ...
post_ckpt_False.pth ...
test shape: (11425, 1, 96, 7) (11425, 1, 96, 7)
test shape: (11425, 96, 7) (11425, 96, 7)
mse:0.552341, mae:0.512585, rmse:0.743197, mape:1.083606, mspe:171.767120,
