Args in experiment:
Namespace(is_training=1, model_id='ELC_96_96', model='iTransformer', data='custom', root_path='/nfs/daojun/Data/TS_Small', data_path='electricity.csv', features='M', target='OT', freq='h', checkpoints='./checkpoints/', seq_len=96, label_len=48, pred_len=96, seasonal_patterns='Monthly', d_block=96, d_model=512, n_heads=8, e_layers=2, d_layers=1, d_ff=2048, moving_avg=25, factor=1, attn=1, gate=1, distil=True, dropout=0.1, embed='timeF', activation='gelu', output_attention=False, num_workers=10, itr=1, train_epochs=10, batch_size=16, patience=3, learning_rate=0.0001, des='test', loss='MSE', lradj='type1', use_amp=False, use_gpu=True, gpu=0, use_multi_gpu=False, devices='0,1,2,3', exp_name='None', efficient_training=False, channel_independence=False, inverse=False, class_strategy='projection', target_root_path='./data/electricity/', target_data_path='electricity.csv', post_train_lr=0.0001, continue_train_lr=1e-07, num_episodes=10, gamma=0.9, lmbda=0.9, eps=0.2, patch_len=2, stride=2, fc_dropout=0.05, head_dropout=0.0, padding_patch='end', revin=1, affine=0, subtract_last=0, decomposition=0, kernel_size=25, individual=0, embed_type=0, version='Fourier', mode_select='random', modes=64, kappa=0.4, enc_in=321, dec_in=321, c_out=321)
Use GPU: cuda:0

<<<<<<< postprocessing with trainset : ELC_96_96_iTransformer_custom_M_ft96_sl48_ll96_pl512_dm8_nh2_el1_dl2048_df1_fctimeF_ebTrue_dttest_projection_0>>>>>>>>>>>>>>>>>>>>>>>>>>
load model ...
val 2537
train 18221
test 5165
val_loss=0.2161 mae_loss=0.3317
remove_val_loss=0.5313 remove_mae_loss=0.5445
Validation loss decreased (inf --> 0.216116).  Saving model ...
test_loss=0.2473 mae_loss=0.3589
Updating learning rate to 0.0001
val_loss=0.2135 mae_loss=0.3294
remove_val_loss=0.5328 remove_mae_loss=0.5455
Validation loss decreased (0.216116 --> 0.213524).  Saving model ...
test_loss=0.2444 mae_loss=0.3561
Updating learning rate to 5e-05
val_loss=0.2130 mae_loss=0.3289
remove_val_loss=0.5331 remove_mae_loss=0.5456
Validation loss decreased (0.213524 --> 0.213010).  Saving model ...
test_loss=0.2438 mae_loss=0.3556
Updating learning rate to 2.5e-05
val_loss=0.2126 mae_loss=0.3285
remove_val_loss=0.5336 remove_mae_loss=0.5460
Validation loss decreased (0.213010 --> 0.212573).  Saving model ...
test_loss=0.2435 mae_loss=0.3553
Updating learning rate to 1.25e-05
val_loss=0.2126 mae_loss=0.3285
remove_val_loss=0.5332 remove_mae_loss=0.5458
Validation loss decreased (0.212573 --> 0.212559).  Saving model ...
test_loss=0.2436 mae_loss=0.3554
Updating learning rate to 6.25e-06
val_loss=0.2125 mae_loss=0.3284
remove_val_loss=0.5337 remove_mae_loss=0.5460
Validation loss decreased (0.212559 --> 0.212466).  Saving model ...
test_loss=0.2434 mae_loss=0.3552
Updating learning rate to 3.125e-06
val_loss=0.2123 mae_loss=0.3282
remove_val_loss=0.5337 remove_mae_loss=0.5460
Validation loss decreased (0.212466 --> 0.212332).  Saving model ...
test_loss=0.2434 mae_loss=0.3552
Updating learning rate to 1.5625e-06
val_loss=0.2122 mae_loss=0.3281
remove_val_loss=0.5340 remove_mae_loss=0.5462
Validation loss decreased (0.212332 --> 0.212213).  Saving model ...
test_loss=0.2433 mae_loss=0.3551
Updating learning rate to 7.8125e-07
val_loss=0.2122 mae_loss=0.3281
remove_val_loss=0.5339 remove_mae_loss=0.5461
Validation loss decreased (0.212213 --> 0.212207).  Saving model ...
test_loss=0.2433 mae_loss=0.3551
Updating learning rate to 3.90625e-07
val_loss=0.2123 mae_loss=0.3281
remove_val_loss=0.5340 remove_mae_loss=0.5462
EarlyStopping counter: 1 out of 3
test_loss=0.2433 mae_loss=0.3551
Updating learning rate to 1.953125e-07

>>>>>>> postprocessing test with trainset : ELC_96_96_iTransformer_custom_M_ft96_sl48_ll96_pl512_dm8_nh2_el1_dl2048_df1_fctimeF_ebTrue_dttest_projection_0>>>>>>>>>>>>>>>>>>>>>>>>>>
test 5165
loading checkpoint.pth ...
post_ckpt_False.pth ...
test shape: (5165, 1, 96, 321) (5165, 1, 96, 321)
test shape: (5165, 96, 321) (5165, 96, 321)
mse:0.243280, mae:0.355117, rmse:0.493235, mape:2.316273, mspe:812917.187500,
