Args in experiment:
Namespace(is_training=1, model_id='ELC_96_96', model='iTransformer', data='custom', root_path='/nfs/daojun/Data/TS_Small', data_path='electricity.csv', features='M', target='OT', freq='h', checkpoints='./checkpoints/', seq_len=96, label_len=48, pred_len=96, seasonal_patterns='Monthly', d_block=96, d_model=512, n_heads=8, e_layers=2, d_layers=1, d_ff=2048, moving_avg=25, factor=1, attn=1, gate=1, distil=True, dropout=0.1, embed='timeF', activation='gelu', output_attention=False, num_workers=10, itr=1, train_epochs=10, batch_size=16, patience=3, learning_rate=0.0001, des='test', loss='MSE', lradj='type1', use_amp=False, use_gpu=True, gpu=0, use_multi_gpu=False, devices='0,1,2,3', exp_name='None', efficient_training=False, channel_independence=False, inverse=False, class_strategy='projection', target_root_path='./data/electricity/', target_data_path='electricity.csv', post_train_lr=0.0001, continue_train_lr=1e-07, num_episodes=10, gamma=0.9, lmbda=0.9, eps=0.2, patch_len=2, stride=2, fc_dropout=0.05, head_dropout=0.0, padding_patch='end', revin=1, affine=0, subtract_last=0, decomposition=0, kernel_size=25, individual=0, embed_type=0, version='Fourier', mode_select='random', modes=64, kappa=0.8, enc_in=321, dec_in=321, c_out=321)
Use GPU: cuda:0

<<<<<<< postprocessing with trainset : ELC_96_96_iTransformer_custom_M_ft96_sl48_ll96_pl512_dm8_nh2_el1_dl2048_df1_fctimeF_ebTrue_dttest_projection_0>>>>>>>>>>>>>>>>>>>>>>>>>>
load model ...
val 2537
train 18221
test 5165
val_loss=0.1459 mae_loss=0.2435
remove_val_loss=0.7873 remove_mae_loss=0.6951
Validation loss decreased (inf --> 0.145895).  Saving model ...
test_loss=0.1682 mae_loss=0.2669
Updating learning rate to 0.0001
val_loss=0.1454 mae_loss=0.2431
remove_val_loss=0.7852 remove_mae_loss=0.6940
Validation loss decreased (0.145895 --> 0.145430).  Saving model ...
test_loss=0.1675 mae_loss=0.2663
Updating learning rate to 5e-05
val_loss=0.1453 mae_loss=0.2427
remove_val_loss=0.7867 remove_mae_loss=0.6947
Validation loss decreased (0.145430 --> 0.145291).  Saving model ...
test_loss=0.1672 mae_loss=0.2659
Updating learning rate to 2.5e-05
val_loss=0.1451 mae_loss=0.2426
remove_val_loss=0.7868 remove_mae_loss=0.6948
Validation loss decreased (0.145291 --> 0.145150).  Saving model ...
test_loss=0.1671 mae_loss=0.2658
Updating learning rate to 1.25e-05
val_loss=0.1451 mae_loss=0.2425
remove_val_loss=0.7871 remove_mae_loss=0.6950
Validation loss decreased (0.145150 --> 0.145101).  Saving model ...
test_loss=0.1670 mae_loss=0.2657
Updating learning rate to 6.25e-06
val_loss=0.1452 mae_loss=0.2426
remove_val_loss=0.7875 remove_mae_loss=0.6951
EarlyStopping counter: 1 out of 3
test_loss=0.1669 mae_loss=0.2657
Updating learning rate to 3.125e-06
val_loss=0.1450 mae_loss=0.2425
remove_val_loss=0.7875 remove_mae_loss=0.6952
Validation loss decreased (0.145101 --> 0.145045).  Saving model ...
test_loss=0.1669 mae_loss=0.2656
Updating learning rate to 1.5625e-06
val_loss=0.1450 mae_loss=0.2425
remove_val_loss=0.7877 remove_mae_loss=0.6952
Validation loss decreased (0.145045 --> 0.144996).  Saving model ...
test_loss=0.1669 mae_loss=0.2656
Updating learning rate to 7.8125e-07
val_loss=0.1450 mae_loss=0.2425
remove_val_loss=0.7876 remove_mae_loss=0.6951
EarlyStopping counter: 1 out of 3
test_loss=0.1669 mae_loss=0.2656
Updating learning rate to 3.90625e-07
val_loss=0.1450 mae_loss=0.2425
remove_val_loss=0.7876 remove_mae_loss=0.6952
EarlyStopping counter: 2 out of 3
test_loss=0.1669 mae_loss=0.2656
Updating learning rate to 1.953125e-07

>>>>>>> postprocessing test with trainset : ELC_96_96_iTransformer_custom_M_ft96_sl48_ll96_pl512_dm8_nh2_el1_dl2048_df1_fctimeF_ebTrue_dttest_projection_0>>>>>>>>>>>>>>>>>>>>>>>>>>
test 5165
loading checkpoint.pth ...
post_ckpt_False.pth ...
test shape: (5165, 1, 96, 321) (5165, 1, 96, 321)
test shape: (5165, 96, 321) (5165, 96, 321)
mse:0.166869, mae:0.265618, rmse:0.408496, mape:2.544539, mspe:849477.250000,
